Build started 5/2/2012 11:55:56 AM.
     1>Project "C:\Users\Excess\Desktop\ARDrone_SDK_Version_1_8_20110726\Examples\Win32\VCProjects\ARDrone\Win32Client\Win32Client.vcxproj" on node 2 (build target(s)).
     1>InitializeBuildStatus:
         Creating "Debug\Win32Client.unsuccessfulbuild" because "AlwaysCreate" was specified.
       ClCompile:
         All outputs are up-to-date.
         c:\Program Files (x86)\Microsoft Visual Studio 10.0\VC\bin\CL.exe /c /IC:\C++\ZBar\include /IC:\Users\Excess\Desktop\ARDrone_SDK_Version_1_8_20110726\Examples\Win32\VCProjects\ARDrone\\Microsoft_DXUT\optional /IC:\Users\Excess\Desktop\ARDrone_SDK_Version_1_8_20110726\Examples\Win32\VCProjects\ARDrone\\Microsoft_DXUT\core /IC:\Users\Excess\Desktop\ARDrone_SDK_Version_1_8_20110726\Examples\Win32\VCProjects\ARDrone\ /IC:\Users\Excess\Desktop\ARDrone_SDK_Version_1_8_20110726\Examples\Win32\sdk_demo\Sources /IC:\Users\Excess\Desktop\ARDrone_SDK_Version_1_8_20110726\ARDroneLib\VP_SDK\VP_Com\win32 /IC:\Users\Excess\Desktop\ARDrone_SDK_Version_1_8_20110726\ARDroneLib\VP_SDK\VP_Os\win32 /IC:\Users\Excess\Desktop\ARDrone_SDK_Version_1_8_20110726\ARDroneLib\Soft\Lib /IC:\Users\Excess\Desktop\ARDrone_SDK_Version_1_8_20110726\ARDroneLib\Soft\Common /IC:\Users\Excess\Desktop\ARDrone_SDK_Version_1_8_20110726\ARDroneLib /IC:\Users\Excess\Desktop\ARDrone_SDK_Version_1_8_20110726\ARDroneLib\VLIB /IC:\Users\Excess\Desktop\ARDrone_SDK_Version_1_8_20110726\Examples\Win32\VCProjects\ARDrone\Win32Client\ /IC:\Users\Excess\Desktop\ARDrone_SDK_Version_1_8_20110726\ARDroneLib\VP_SDK /ZI /nologo /W3 /WX- /Od /Oy- /D WIN32 /D _DEBUG /D _CONSOLE /D _UNICODE /D UNICODE /Gm /EHsc /RTC1 /MDd /GS /fp:precise /Zc:wchar_t /Zc:forScope /Fo"Debug\\" /Fd"Debug\vc100.pdb" /Gd /TP /analyze- /errorReport:prompt qr_reader.cpp
         qr_reader.cpp
     1>c:\users\excess\desktop\ardrone_sdk_version_1_8_20110726\examples\win32\vcprojects\ardrone\win32client\qr_reader.cpp(31): warning C4996: 'strncpy': This function or variable may be unsafe. Consider using strncpy_s instead. To disable deprecation, use _CRT_SECURE_NO_WARNINGS. See online help for details.
                 c:\program files (x86)\microsoft visual studio 10.0\vc\include\string.h(188) : see declaration of 'strncpy'
       ManifestResourceCompile:
         All outputs are up-to-date.
       Link:
         c:\Program Files (x86)\Microsoft Visual Studio 10.0\VC\bin\link.exe /ERRORREPORT:PROMPT /OUT:"C:\Users\Excess\Desktop\ARDrone_SDK_Version_1_8_20110726\Examples\Win32\VCProjects\ARDrone\Debug\Win32Client.exe" /INCREMENTAL /NOLOGO /LIBPATH:C:\C++\ZBar\lib /LIBPATH:C:\Users\Excess\Desktop\ARDrone_SDK_Version_1_8_20110726\Examples\Win32\VCProjects\ARDrone\\debug CORE_RL_Magick++_.lib CORE_RL_magick_.lib CORE_RL_wand_.lib X11.lib "libzbar-0.lib" ws2_32.lib ArDroneAPI.lib dinput8.lib dxguid.lib comctl32.lib d3dx9d.lib dxerr.lib winmm.lib d3d9.lib kernel32.lib user32.lib gdi32.lib winspool.lib comdlg32.lib advapi32.lib shell32.lib ole32.lib oleaut32.lib uuid.lib odbc32.lib odbccp32.lib /MANIFEST /ManifestFile:"Debug\Win32Client.exe.intermediate.manifest" /MANIFESTUAC:"level='asInvoker' uiAccess='false'" /DEBUG /PDB:"C:\Users\Excess\Desktop\ARDrone_SDK_Version_1_8_20110726\Examples\Win32\VCProjects\ARDrone\Debug\Win32Client.pdb" /SUBSYSTEM:CONSOLE /TLBID:1 /DYNAMICBASE /NXCOMPAT /IMPLIB:"C:\Users\Excess\Desktop\ARDrone_SDK_Version_1_8_20110726\Examples\Win32\VCProjects\ARDrone\Debug\Win32Client.lib" /MACHINE:X86 Debug\Win32Client.exe.embed.manifest.res
         Debug\ardrone_tool_win32.obj
         Debug\custom_code.obj
         Debug\directx_rendering.obj
         Debug\gamepad.obj
         Debug\navdata.obj
         Debug\video_stage.obj
         Debug\qr_reader.obj
         C:\Users\Excess\Desktop\ARDrone_SDK_Version_1_8_20110726\Examples\Win32\VCProjects\ARDrone\Debug\ArDroneAPI.lib
       Manifest:
         C:\Program Files (x86)\Microsoft SDKs\Windows\v7.0A\bin\mt.exe /nologo /verbose /out:"Debug\Win32Client.exe.embed.manifest" /manifest Debug\Win32Client.exe.intermediate.manifest
         All outputs are up-to-date.
       LinkEmbedManifest:
         All outputs are up-to-date.
         Win32Client.vcxproj -> C:\Users\Excess\Desktop\ARDrone_SDK_Version_1_8_20110726\Examples\Win32\VCProjects\ARDrone\Debug\Win32Client.exe
       FinalizeBuildStatus:
         Deleting file "Debug\Win32Client.unsuccessfulbuild".
         Touching "Debug\Win32Client.lastbuildstate".
     1>Done Building Project "C:\Users\Excess\Desktop\ARDrone_SDK_Version_1_8_20110726\Examples\Win32\VCProjects\ARDrone\Win32Client\Win32Client.vcxproj" (build target(s)).

Build succeeded.

Time Elapsed 00:00:02.32
